[debug] [2021-12-06T21:55:01.334Z] ----------------------------------------------------------------------
[debug] [2021-12-06T21:55:01.336Z] Command:       C:\Program Files\nodejs\node.exe C:\Users\nicke\AppData\Roaming\npm\node_modules\firebase-tools\lib\bin\firebase.js deploy --only functions:search
[debug] [2021-12-06T21:55:01.336Z] CLI Version:   9.23.0
[debug] [2021-12-06T21:55:01.336Z] Platform:      win32
[debug] [2021-12-06T21:55:01.336Z] Node Version:  v16.13.0
[debug] [2021-12-06T21:55:01.337Z] Time:          Mon Dec 06 2021 22:55:01 GMT+0100 (centraleuropeisk normaltid)
[debug] [2021-12-06T21:55:01.337Z] ----------------------------------------------------------------------
[debug] 
[debug] [2021-12-06T21:55:01.374Z] > command requires scopes: ["email","openid","https://www.googleapis.com/auth/cloudplatformprojects.readonly","https://www.googleapis.com/auth/firebase","https://www.googleapis.com/auth/cloud-platform"]
[debug] [2021-12-06T21:55:01.375Z] > authorizing via signed-in user (nickewideving@gmail.com)
[debug] [2021-12-06T21:55:01.375Z] [iam] checking project linkbin-4cda3 for permissions ["cloudfunctions.functions.create","cloudfunctions.functions.delete","cloudfunctions.functions.get","cloudfunctions.functions.list","cloudfunctions.functions.update","cloudfunctions.operations.get","firebase.projects.get"]
[debug] [2021-12-06T21:55:01.376Z] > refreshing access token with scopes: ["email","https://www.googleapis.com/auth/cloud-platform","https://www.googleapis.com/auth/cloudplatformprojects.readonly","https://www.googleapis.com/auth/firebase","openid"]
[debug] [2021-12-06T21:55:01.377Z] >>> HTTP REQUEST POST https://www.googleapis.com/oauth2/v3/token  
 <request body omitted>
[debug] [2021-12-06T21:55:01.437Z] <<< HTTP RESPONSE 200 {"pragma":"no-cache","cache-control":"no-cache, no-store, max-age=0, must-revalidate","date":"Mon, 06 Dec 2021 21:55:02 GMT","expires":"Mon, 01 Jan 1990 00:00:00 GMT","content-type":"application/json; charset=utf-8","vary":"X-Origin, Referer, Origin,Accept-Encoding","server":"scaffolding on HTTPServer2","x-xss-protection":"0","x-frame-options":"SAMEORIGIN","x-content-type-options":"nosniff","alt-svc":"h3=\":443\"; ma=2592000,h3-29=\":443\"; ma=2592000,h3-Q050=\":443\"; ma=2592000,h3-Q046=\":443\"; ma=2592000,h3-Q043=\":443\"; ma=2592000,quic=\":443\"; ma=2592000; v=\"46,43\"","accept-ranges":"none","transfer-encoding":"chunked"}
[debug] [2021-12-06T21:55:01.445Z] >>> HTTP REQUEST POST https://cloudresourcemanager.googleapis.com/v1/projects/linkbin-4cda3:testIamPermissions  
 {"permissions":["cloudfunctions.functions.create","cloudfunctions.functions.delete","cloudfunctions.functions.get","cloudfunctions.functions.list","cloudfunctions.functions.update","cloudfunctions.operations.get","firebase.projects.get"]}
[debug] [2021-12-06T21:55:02.167Z] <<< HTTP RESPONSE 200 {"content-type":"application/json; charset=UTF-8","vary":"X-Origin, Referer, Origin,Accept-Encoding","date":"Mon, 06 Dec 2021 21:55:02 GMT","server":"ESF","cache-control":"private","x-xss-protection":"0","x-frame-options":"SAMEORIGIN","x-content-type-options":"nosniff","server-timing":"gfet4t7; dur=667","alt-svc":"h3=\":443\"; ma=2592000,h3-29=\":443\"; ma=2592000,h3-Q050=\":443\"; ma=2592000,h3-Q046=\":443\"; ma=2592000,h3-Q043=\":443\"; ma=2592000,quic=\":443\"; ma=2592000; v=\"46,43\"","accept-ranges":"none","transfer-encoding":"chunked"}
[debug] [2021-12-06T21:55:02.168Z] >>> HTTP REQUEST POST https://iam.googleapis.com/v1/projects/linkbin-4cda3/serviceAccounts/linkbin-4cda3@appspot.gserviceaccount.com:testIamPermissions  
 {"permissions":["iam.serviceAccounts.actAs"]}
[debug] [2021-12-06T21:55:02.872Z] <<< HTTP RESPONSE 200 {"content-type":"application/json; charset=UTF-8","vary":"X-Origin, Referer, Origin,Accept-Encoding","date":"Mon, 06 Dec 2021 21:55:03 GMT","server":"ESF","cache-control":"private","x-xss-protection":"0","x-frame-options":"SAMEORIGIN","x-content-type-options":"nosniff","alt-svc":"h3=\":443\"; ma=2592000,h3-29=\":443\"; ma=2592000,h3-Q050=\":443\"; ma=2592000,h3-Q046=\":443\"; ma=2592000,h3-Q043=\":443\"; ma=2592000,quic=\":443\"; ma=2592000; v=\"46,43\"","accept-ranges":"none","transfer-encoding":"chunked"}
[info] 
[info] === Deploying to 'linkbin-4cda3'...
[info] 
[info] i  deploying functions 
[info] Running command: npm --prefix "$RESOURCE_DIR" run build
[info] +  functions: Finished running predeploy script. 
[debug] [2021-12-06T21:55:06.671Z] Validating nodejs source
